<?xml version="1.0" encoding="UTF-8"?>
<testng-results skipped="0" failed="0" ignored="0" total="2" passed="2">
  <reporter-output>
  </reporter-output>
  <suite name="Default suite" duration-ms="23382" started-at="2019-07-12T11:57:13Z" finished-at="2019-07-12T11:57:36Z">
    <groups>
    </groups>
    <test name="Default test" duration-ms="23382" started-at="2019-07-12T11:57:13Z" finished-at="2019-07-12T11:57:36Z">
      <class name="com.training.sanity.tests.RTTC_053_GenrateInvoiceAndChangeOrderStatus">
        <test-method status="PASS" signature="setUpBeforeClass()[pri:0, instance:com.training.sanity.tests.RTTC_053_GenrateInvoiceAndChangeOrderStatus@3ffc5af1]" name="setUpBeforeClass" is-config="true" duration-ms="6372" started-at="2019-07-12T11:57:13Z" finished-at="2019-07-12T11:57:19Z">
          <reporter-output>
          </reporter-output>
        </test-method> <!-- setUpBeforeClass -->
        <test-method status="PASS" signature="LoginTest()[pri:0, instance:com.training.sanity.tests.RTTC_053_GenrateInvoiceAndChangeOrderStatus@3ffc5af1]" name="LoginTest" duration-ms="8181" started-at="2019-07-12T11:57:19Z" finished-at="2019-07-12T11:57:27Z">
          <reporter-output>
          </reporter-output>
        </test-method> <!-- LoginTest -->
        <test-method status="PASS" signature="generateInvoiceChangeOrderStatus()[pri:0, instance:com.training.sanity.tests.RTTC_053_GenrateInvoiceAndChangeOrderStatus@3ffc5af1]" name="generateInvoiceChangeOrderStatus" duration-ms="7796" started-at="2019-07-12T11:57:27Z" finished-at="2019-07-12T11:57:35Z">
          <reporter-output>
          </reporter-output>
        </test-method> <!-- generateInvoiceChangeOrderStatus -->
        <test-method status="PASS" signature="tearDown()[pri:0, instance:com.training.sanity.tests.RTTC_053_GenrateInvoiceAndChangeOrderStatus@3ffc5af1]" name="tearDown" is-config="true" duration-ms="1001" started-at="2019-07-12T11:57:35Z" finished-at="2019-07-12T11:57:36Z">
          <reporter-output>
          </reporter-output>
        </test-method> <!-- tearDown -->
      </class> <!-- com.training.sanity.tests.RTTC_053_GenrateInvoiceAndChangeOrderStatus -->
    </test> <!-- Default test -->
  </suite> <!-- Default suite -->
</testng-results>
