<?xml version="1.0" encoding="UTF-8"?>
<testng-results skipped="0" failed="0" ignored="0" total="2" passed="2">
  <reporter-output>
  </reporter-output>
  <suite name="Default suite" duration-ms="44610" started-at="2019-07-10T05:20:53Z" finished-at="2019-07-10T05:21:37Z">
    <groups>
    </groups>
    <test name="Default test" duration-ms="44610" started-at="2019-07-10T05:20:53Z" finished-at="2019-07-10T05:21:37Z">
      <class name="com.training.sanity.tests.RTTC_020_FilterCustomersViaAdmin">
        <test-method status="PASS" signature="setUpBeforeClass()[pri:0, instance:com.training.sanity.tests.RTTC_020_FilterCustomersViaAdmin@3ffc5af1]" name="setUpBeforeClass" is-config="true" duration-ms="11980" started-at="2019-07-10T05:20:53Z" finished-at="2019-07-10T05:21:05Z">
          <reporter-output>
          </reporter-output>
        </test-method> <!-- setUpBeforeClass -->
        <test-method status="PASS" signature="LoginTest()[pri:0, instance:com.training.sanity.tests.RTTC_020_FilterCustomersViaAdmin@3ffc5af1]" name="LoginTest" duration-ms="9841" started-at="2019-07-10T05:21:05Z" finished-at="2019-07-10T05:21:15Z">
          <reporter-output>
          </reporter-output>
        </test-method> <!-- LoginTest -->
        <test-method status="PASS" signature="deleteCustViaAdmin()[pri:0, instance:com.training.sanity.tests.RTTC_020_FilterCustomersViaAdmin@3ffc5af1]" name="deleteCustViaAdmin" duration-ms="20834" started-at="2019-07-10T05:21:15Z" finished-at="2019-07-10T05:21:36Z">
          <reporter-output>
          </reporter-output>
        </test-method> <!-- deleteCustViaAdmin -->
        <test-method status="PASS" signature="tearDown()[pri:0, instance:com.training.sanity.tests.RTTC_020_FilterCustomersViaAdmin@3ffc5af1]" name="tearDown" is-config="true" duration-ms="1856" started-at="2019-07-10T05:21:36Z" finished-at="2019-07-10T05:21:37Z">
          <reporter-output>
          </reporter-output>
        </test-method> <!-- tearDown -->
      </class> <!-- com.training.sanity.tests.RTTC_020_FilterCustomersViaAdmin -->
    </test> <!-- Default test -->
  </suite> <!-- Default suite -->
</testng-results>
