<?xml version="1.0" encoding="UTF-8"?>
<!-- Generated by org.testng.reporters.JUnitXMLReporter -->
<testsuite hostname="DESKTOP-BL03I3N" ignored="0" name="Default test" tests="2" failures="0" timestamp="18 Jul 2019 10:16:09 GMT" time="47.55" errors="0">
  <testcase name="LoginTest" time="16.262" classname="com.training.sanity.tests.RTTC_081_ReturnNDeleteProd_UpdateDB"/>
  <testcase name="returnNDeleteProd" time="10.232" classname="com.training.sanity.tests.RTTC_081_ReturnNDeleteProd_UpdateDB"/>
</testsuite> <!-- Default test -->
